[ 2018-02-24T17:02:57+08:00 ] 127.0.0.1 127.0.0.1 GET /admin/index/index.html
[ log ] www.tpadmin.com/admin/index/index.html [运行时间：0.198271s][吞吐率：5.04req/s] [内存消耗：5,171.01kb] [文件加载：75]
[ info ] [ LANG ] D:\xampp\htdocs\tpAdmin-master\thinkphp\lang\zh-cn.php
[ info ] [ ROUTE ] array (
  'type' => 'module',
  'module' => 
  array (
    0 => 'admin',
    1 => 'index',
    2 => 'index',
  ),
)
[ info ] [ HEADER ] array (
  'host' => 'www.tpadmin.com',
  'connection' => 'keep-alive',
  'cache-control' => 'max-age=0',
  'user-agent' => 'Mozilla/5.0 (Windows NT 10.0; Win64; x64) AppleWebKit/537.36 (KHTML, like Gecko) Chrome/63.0.3239.108 Safari/537.36',
  'upgrade-insecure-requests' => '1',
  'accept' => 'text/html,application/xhtml+xml,application/xml;q=0.9,image/webp,image/apng,*/*;q=0.8',
  'accept-encoding' => 'gzip, deflate',
  'accept-language' => 'zh-CN,zh;q=0.9,zh-HK;q=0.8',
  'cookie' => 'thinkphp_show_page_trace=0|0; PHPSESSID=2pn1ra406jg18qkfklaj39fab4',
)
[ info ] [ PARAM ] array (
)
[ info ] [ SESSION ] INIT array (
  'id' => '',
  'var_session_id' => '',
  'prefix' => 'think',
  'type' => '',
  'auto_start' => true,
)
[ info ] [ BEHAVIOR ] Run \app\common\behavior\WebLog @module_init [ RunTime:0.007619s ]
[ info ] [ RUN ] app\admin\controller\Index->index[ D:\xampp\htdocs\tpAdmin-master\application\admin\controller\Index.php ]
[ info ] [ DB ] INIT mysql
[ info ] [ VIEW ] D:\xampp\htdocs\tpAdmin-master\public/../application/admin\view\index\index.html [ array (
  0 => 'groups',
  1 => 'menu',
) ]
[ info ] [ RUN ] app\admin\widget\Index->menu[ D:\xampp\htdocs\tpAdmin-master\application\admin\widget\Index.php ]
[ info ] [ RUN ] app\admin\widget\Index->menu[ D:\xampp\htdocs\tpAdmin-master\application\admin\widget\Index.php ]
[ info ] [ RUN ] app\admin\widget\Index->menu[ D:\xampp\htdocs\tpAdmin-master\application\admin\widget\Index.php ]
[ info ] [ RUN ] app\admin\widget\Index->menu[ D:\xampp\htdocs\tpAdmin-master\application\admin\widget\Index.php ]
[ info ] [ RUN ] app\admin\widget\Index->menu[ D:\xampp\htdocs\tpAdmin-master\application\admin\widget\Index.php ]
[ info ] [ RUN ] app\admin\widget\Index->menu[ D:\xampp\htdocs\tpAdmin-master\application\admin\widget\Index.php ]
[ info ] [ RUN ] app\admin\widget\Index->menu[ D:\xampp\htdocs\tpAdmin-master\application\admin\widget\Index.php ]
[ info ] [ RUN ] app\admin\widget\Index->menu[ D:\xampp\htdocs\tpAdmin-master\application\admin\widget\Index.php ]
[ info ] [ RUN ] app\admin\widget\Index->menu[ D:\xampp\htdocs\tpAdmin-master\application\admin\widget\Index.php ]
[ info ] [ RUN ] app\admin\widget\Index->menu[ D:\xampp\htdocs\tpAdmin-master\application\admin\widget\Index.php ]
[ info ] [ RUN ] app\admin\widget\Index->menu[ D:\xampp\htdocs\tpAdmin-master\application\admin\widget\Index.php ]
[ info ] [ RUN ] app\admin\widget\Index->menu[ D:\xampp\htdocs\tpAdmin-master\application\admin\widget\Index.php ]
[ info ] [ RUN ] app\admin\widget\Index->menu[ D:\xampp\htdocs\tpAdmin-master\application\admin\widget\Index.php ]
[ info ] [ RUN ] app\admin\widget\Index->menu[ D:\xampp\htdocs\tpAdmin-master\application\admin\widget\Index.php ]
[ info ] [ RUN ] app\admin\widget\Index->menu[ D:\xampp\htdocs\tpAdmin-master\application\admin\widget\Index.php ]
[ info ] [ RUN ] app\admin\widget\Index->menu[ D:\xampp\htdocs\tpAdmin-master\application\admin\widget\Index.php ]
[ info ] [ RUN ] app\admin\widget\Index->menu[ D:\xampp\htdocs\tpAdmin-master\application\admin\widget\Index.php ]
[ info ] [ RUN ] app\admin\widget\Index->menu[ D:\xampp\htdocs\tpAdmin-master\application\admin\widget\Index.php ]
[ info ] [ RUN ] app\admin\widget\Index->menu[ D:\xampp\htdocs\tpAdmin-master\application\admin\widget\Index.php ]
[ info ] [ RUN ] app\admin\widget\Index->menu[ D:\xampp\htdocs\tpAdmin-master\application\admin\widget\Index.php ]
[ info ] [ RUN ] app\admin\widget\Index->menu[ D:\xampp\htdocs\tpAdmin-master\application\admin\widget\Index.php ]
[ info ] [ LOG ] INIT File
[ sql ] [ DB ] CONNECT:[ UseTime:0.011889s ] mysql:dbname=tpadmin_source;host=127.0.0.1;charset=utf8
[ sql ] [ SQL ] SHOW COLUMNS FROM `book_admin_node` [ RunTime:0.030215s ]
[ sql ] [ SQL ] SELECT `id`,`pid`,`name`,`group_id`,`title`,`type` FROM `book_admin_node` WHERE  (  status=1 AND group_id > 0 ) [ RunTime:0.003482s ]
[ sql ] [ EXPLAIN : array (
  'id' => 1,
  'select_type' => 'SIMPLE',
  'table' => 'book_admin_node',
  'type' => 'ALL',
  'possible_keys' => 'status,group_id',
  'key' => NULL,
  'key_len' => NULL,
  'ref' => NULL,
  'rows' => 60,
  'extra' => 'Using where',
) ]
[ sql ] [ SQL ] SHOW COLUMNS FROM `book_admin_group` [ RunTime:0.030747s ]
[ sql ] [ SQL ] SELECT `id`,`name`,`icon` FROM `book_admin_group` WHERE  `id` IN (1,2)  AND `status` = 1 ORDER BY sort asc,id asc [ RunTime:0.001975s ]
[ sql ] [ EXPLAIN : array (
  'id' => 1,
  'select_type' => 'SIMPLE',
  'table' => 'book_admin_group',
  'type' => 'range',
  'possible_keys' => 'PRIMARY',
  'key' => 'PRIMARY',
  'key_len' => '2',
  'ref' => NULL,
  'rows' => 2,
  'extra' => 'Using where; Using filesort',
) ]
[ warn ] SQL:SELECT `id`,`name`,`icon` FROM `book_admin_group` WHERE  `id` IN (:where_id_in_0,:where_id_in_4)  AND `status` = :where_status ORDER BY sort asc,id asc [Using where; Using filesort]
[ error ] [HY000]SQLSTATE[HY000]: General error: 1168 Unable to open underlying table which is differently defined or of non-MyISAM type or doesn't exist[D:\xampp\htdocs\tpAdmin-master\thinkphp\library\think\db\connector\Mysql.php:65]

---------------------------------------------------------------
[ 2018-02-24T17:03:17+08:00 ] 127.0.0.1 127.0.0.1 GET /admin/index/index.html
[ log ] www.tpadmin.com/admin/index/index.html [运行时间：0.185612s][吞吐率：5.39req/s] [内存消耗：5,171.02kb] [文件加载：75]
[ info ] [ LANG ] D:\xampp\htdocs\tpAdmin-master\thinkphp\lang\zh-cn.php
[ info ] [ ROUTE ] array (
  'type' => 'module',
  'module' => 
  array (
    0 => 'admin',
    1 => 'index',
    2 => 'index',
  ),
)
[ info ] [ HEADER ] array (
  'host' => 'www.tpadmin.com',
  'connection' => 'keep-alive',
  'cache-control' => 'max-age=0',
  'user-agent' => 'Mozilla/5.0 (Windows NT 10.0; Win64; x64) AppleWebKit/537.36 (KHTML, like Gecko) Chrome/63.0.3239.108 Safari/537.36',
  'upgrade-insecure-requests' => '1',
  'accept' => 'text/html,application/xhtml+xml,application/xml;q=0.9,image/webp,image/apng,*/*;q=0.8',
  'accept-encoding' => 'gzip, deflate',
  'accept-language' => 'zh-CN,zh;q=0.9,zh-HK;q=0.8',
  'cookie' => 'thinkphp_show_page_trace=0|0; PHPSESSID=2pn1ra406jg18qkfklaj39fab4',
)
[ info ] [ PARAM ] array (
)
[ info ] [ SESSION ] INIT array (
  'id' => '',
  'var_session_id' => '',
  'prefix' => 'think',
  'type' => '',
  'auto_start' => true,
)
[ info ] [ BEHAVIOR ] Run \app\common\behavior\WebLog @module_init [ RunTime:0.006176s ]
[ info ] [ RUN ] app\admin\controller\Index->index[ D:\xampp\htdocs\tpAdmin-master\application\admin\controller\Index.php ]
[ info ] [ DB ] INIT mysql
[ info ] [ VIEW ] D:\xampp\htdocs\tpAdmin-master\public/../application/admin\view\index\index.html [ array (
  0 => 'groups',
  1 => 'menu',
) ]
[ info ] [ RUN ] app\admin\widget\Index->menu[ D:\xampp\htdocs\tpAdmin-master\application\admin\widget\Index.php ]
[ info ] [ RUN ] app\admin\widget\Index->menu[ D:\xampp\htdocs\tpAdmin-master\application\admin\widget\Index.php ]
[ info ] [ RUN ] app\admin\widget\Index->menu[ D:\xampp\htdocs\tpAdmin-master\application\admin\widget\Index.php ]
[ info ] [ RUN ] app\admin\widget\Index->menu[ D:\xampp\htdocs\tpAdmin-master\application\admin\widget\Index.php ]
[ info ] [ RUN ] app\admin\widget\Index->menu[ D:\xampp\htdocs\tpAdmin-master\application\admin\widget\Index.php ]
[ info ] [ RUN ] app\admin\widget\Index->menu[ D:\xampp\htdocs\tpAdmin-master\application\admin\widget\Index.php ]
[ info ] [ RUN ] app\admin\widget\Index->menu[ D:\xampp\htdocs\tpAdmin-master\application\admin\widget\Index.php ]
[ info ] [ RUN ] app\admin\widget\Index->menu[ D:\xampp\htdocs\tpAdmin-master\application\admin\widget\Index.php ]
[ info ] [ RUN ] app\admin\widget\Index->menu[ D:\xampp\htdocs\tpAdmin-master\application\admin\widget\Index.php ]
[ info ] [ RUN ] app\admin\widget\Index->menu[ D:\xampp\htdocs\tpAdmin-master\application\admin\widget\Index.php ]
[ info ] [ RUN ] app\admin\widget\Index->menu[ D:\xampp\htdocs\tpAdmin-master\application\admin\widget\Index.php ]
[ info ] [ RUN ] app\admin\widget\Index->menu[ D:\xampp\htdocs\tpAdmin-master\application\admin\widget\Index.php ]
[ info ] [ RUN ] app\admin\widget\Index->menu[ D:\xampp\htdocs\tpAdmin-master\application\admin\widget\Index.php ]
[ info ] [ RUN ] app\admin\widget\Index->menu[ D:\xampp\htdocs\tpAdmin-master\application\admin\widget\Index.php ]
[ info ] [ RUN ] app\admin\widget\Index->menu[ D:\xampp\htdocs\tpAdmin-master\application\admin\widget\Index.php ]
[ info ] [ RUN ] app\admin\widget\Index->menu[ D:\xampp\htdocs\tpAdmin-master\application\admin\widget\Index.php ]
[ info ] [ RUN ] app\admin\widget\Index->menu[ D:\xampp\htdocs\tpAdmin-master\application\admin\widget\Index.php ]
[ info ] [ RUN ] app\admin\widget\Index->menu[ D:\xampp\htdocs\tpAdmin-master\application\admin\widget\Index.php ]
[ info ] [ RUN ] app\admin\widget\Index->menu[ D:\xampp\htdocs\tpAdmin-master\application\admin\widget\Index.php ]
[ info ] [ RUN ] app\admin\widget\Index->menu[ D:\xampp\htdocs\tpAdmin-master\application\admin\widget\Index.php ]
[ info ] [ RUN ] app\admin\widget\Index->menu[ D:\xampp\htdocs\tpAdmin-master\application\admin\widget\Index.php ]
[ info ] [ LOG ] INIT File
[ sql ] [ DB ] CONNECT:[ UseTime:0.011986s ] mysql:dbname=tpadmin_source;host=127.0.0.1;charset=utf8
[ sql ] [ SQL ] SHOW COLUMNS FROM `book_admin_node` [ RunTime:0.038455s ]
[ sql ] [ SQL ] SELECT `id`,`pid`,`name`,`group_id`,`title`,`type` FROM `book_admin_node` WHERE  (  status=1 AND group_id > 0 ) [ RunTime:0.000981s ]
[ sql ] [ EXPLAIN : array (
  'id' => 1,
  'select_type' => 'SIMPLE',
  'table' => 'book_admin_node',
  'type' => 'ALL',
  'possible_keys' => 'status,group_id',
  'key' => NULL,
  'key_len' => NULL,
  'ref' => NULL,
  'rows' => 60,
  'extra' => 'Using where',
) ]
[ sql ] [ SQL ] SHOW COLUMNS FROM `book_admin_group` [ RunTime:0.027922s ]
[ sql ] [ SQL ] SELECT `id`,`name`,`icon` FROM `book_admin_group` WHERE  `id` IN (1,2)  AND `status` = 1 ORDER BY sort asc,id asc [ RunTime:0.000824s ]
[ sql ] [ EXPLAIN : array (
  'id' => 1,
  'select_type' => 'SIMPLE',
  'table' => 'book_admin_group',
  'type' => 'range',
  'possible_keys' => 'PRIMARY',
  'key' => 'PRIMARY',
  'key_len' => '2',
  'ref' => NULL,
  'rows' => 2,
  'extra' => 'Using where; Using filesort',
) ]
[ warn ] SQL:SELECT `id`,`name`,`icon` FROM `book_admin_group` WHERE  `id` IN (:where_id_in_0,:where_id_in_4)  AND `status` = :where_status ORDER BY sort asc,id asc [Using where; Using filesort]
[ error ] [HY000]SQLSTATE[HY000]: General error: 1168 Unable to open underlying table which is differently defined or of non-MyISAM type or doesn't exist[D:\xampp\htdocs\tpAdmin-master\thinkphp\library\think\db\connector\Mysql.php:65]

---------------------------------------------------------------
[ 2018-02-24T17:03:17+08:00 ] 127.0.0.1 127.0.0.1 GET /admin/index/index.html
[ log ] www.tpadmin.com/admin/index/index.html [运行时间：0.217584s][吞吐率：4.60req/s] [内存消耗：5,171.02kb] [文件加载：75]
[ info ] [ LANG ] D:\xampp\htdocs\tpAdmin-master\thinkphp\lang\zh-cn.php
[ info ] [ ROUTE ] array (
  'type' => 'module',
  'module' => 
  array (
    0 => 'admin',
    1 => 'index',
    2 => 'index',
  ),
)
[ info ] [ HEADER ] array (
  'host' => 'www.tpadmin.com',
  'connection' => 'keep-alive',
  'cache-control' => 'max-age=0',
  'user-agent' => 'Mozilla/5.0 (Windows NT 10.0; Win64; x64) AppleWebKit/537.36 (KHTML, like Gecko) Chrome/63.0.3239.108 Safari/537.36',
  'upgrade-insecure-requests' => '1',
  'accept' => 'text/html,application/xhtml+xml,application/xml;q=0.9,image/webp,image/apng,*/*;q=0.8',
  'accept-encoding' => 'gzip, deflate',
  'accept-language' => 'zh-CN,zh;q=0.9,zh-HK;q=0.8',
  'cookie' => 'thinkphp_show_page_trace=0|0; PHPSESSID=2pn1ra406jg18qkfklaj39fab4',
)
[ info ] [ PARAM ] array (
)
[ info ] [ SESSION ] INIT array (
  'id' => '',
  'var_session_id' => '',
  'prefix' => 'think',
  'type' => '',
  'auto_start' => true,
)
[ info ] [ BEHAVIOR ] Run \app\common\behavior\WebLog @module_init [ RunTime:0.006146s ]
[ info ] [ RUN ] app\admin\controller\Index->index[ D:\xampp\htdocs\tpAdmin-master\application\admin\controller\Index.php ]
[ info ] [ DB ] INIT mysql
[ info ] [ VIEW ] D:\xampp\htdocs\tpAdmin-master\public/../application/admin\view\index\index.html [ array (
  0 => 'groups',
  1 => 'menu',
) ]
[ info ] [ RUN ] app\admin\widget\Index->menu[ D:\xampp\htdocs\tpAdmin-master\application\admin\widget\Index.php ]
[ info ] [ RUN ] app\admin\widget\Index->menu[ D:\xampp\htdocs\tpAdmin-master\application\admin\widget\Index.php ]
[ info ] [ RUN ] app\admin\widget\Index->menu[ D:\xampp\htdocs\tpAdmin-master\application\admin\widget\Index.php ]
[ info ] [ RUN ] app\admin\widget\Index->menu[ D:\xampp\htdocs\tpAdmin-master\application\admin\widget\Index.php ]
[ info ] [ RUN ] app\admin\widget\Index->menu[ D:\xampp\htdocs\tpAdmin-master\application\admin\widget\Index.php ]
[ info ] [ RUN ] app\admin\widget\Index->menu[ D:\xampp\htdocs\tpAdmin-master\application\admin\widget\Index.php ]
[ info ] [ RUN ] app\admin\widget\Index->menu[ D:\xampp\htdocs\tpAdmin-master\application\admin\widget\Index.php ]
[ info ] [ RUN ] app\admin\widget\Index->menu[ D:\xampp\htdocs\tpAdmin-master\application\admin\widget\Index.php ]
[ info ] [ RUN ] app\admin\widget\Index->menu[ D:\xampp\htdocs\tpAdmin-master\application\admin\widget\Index.php ]
[ info ] [ RUN ] app\admin\widget\Index->menu[ D:\xampp\htdocs\tpAdmin-master\application\admin\widget\Index.php ]
[ info ] [ RUN ] app\admin\widget\Index->menu[ D:\xampp\htdocs\tpAdmin-master\application\admin\widget\Index.php ]
[ info ] [ RUN ] app\admin\widget\Index->menu[ D:\xampp\htdocs\tpAdmin-master\application\admin\widget\Index.php ]
[ info ] [ RUN ] app\admin\widget\Index->menu[ D:\xampp\htdocs\tpAdmin-master\application\admin\widget\Index.php ]
[ info ] [ RUN ] app\admin\widget\Index->menu[ D:\xampp\htdocs\tpAdmin-master\application\admin\widget\Index.php ]
[ info ] [ RUN ] app\admin\widget\Index->menu[ D:\xampp\htdocs\tpAdmin-master\application\admin\widget\Index.php ]
[ info ] [ RUN ] app\admin\widget\Index->menu[ D:\xampp\htdocs\tpAdmin-master\application\admin\widget\Index.php ]
[ info ] [ RUN ] app\admin\widget\Index->menu[ D:\xampp\htdocs\tpAdmin-master\application\admin\widget\Index.php ]
[ info ] [ RUN ] app\admin\widget\Index->menu[ D:\xampp\htdocs\tpAdmin-master\application\admin\widget\Index.php ]
[ info ] [ RUN ] app\admin\widget\Index->menu[ D:\xampp\htdocs\tpAdmin-master\application\admin\widget\Index.php ]
[ info ] [ RUN ] app\admin\widget\Index->menu[ D:\xampp\htdocs\tpAdmin-master\application\admin\widget\Index.php ]
[ info ] [ RUN ] app\admin\widget\Index->menu[ D:\xampp\htdocs\tpAdmin-master\application\admin\widget\Index.php ]
[ info ] [ LOG ] INIT File
[ sql ] [ DB ] CONNECT:[ UseTime:0.002446s ] mysql:dbname=tpadmin_source;host=127.0.0.1;charset=utf8
[ sql ] [ SQL ] SHOW COLUMNS FROM `book_admin_node` [ RunTime:0.063765s ]
[ sql ] [ SQL ] SELECT `id`,`pid`,`name`,`group_id`,`title`,`type` FROM `book_admin_node` WHERE  (  status=1 AND group_id > 0 ) [ RunTime:0.002395s ]
[ sql ] [ EXPLAIN : array (
  'id' => 1,
  'select_type' => 'SIMPLE',
  'table' => 'book_admin_node',
  'type' => 'ALL',
  'possible_keys' => 'status,group_id',
  'key' => NULL,
  'key_len' => NULL,
  'ref' => NULL,
  'rows' => 60,
  'extra' => 'Using where',
) ]
[ sql ] [ SQL ] SHOW COLUMNS FROM `book_admin_group` [ RunTime:0.029590s ]
[ sql ] [ SQL ] SELECT `id`,`name`,`icon` FROM `book_admin_group` WHERE  `id` IN (1,2)  AND `status` = 1 ORDER BY sort asc,id asc [ RunTime:0.002063s ]
[ sql ] [ EXPLAIN : array (
  'id' => 1,
  'select_type' => 'SIMPLE',
  'table' => 'book_admin_group',
  'type' => 'range',
  'possible_keys' => 'PRIMARY',
  'key' => 'PRIMARY',
  'key_len' => '2',
  'ref' => NULL,
  'rows' => 2,
  'extra' => 'Using where; Using filesort',
) ]
[ warn ] SQL:SELECT `id`,`name`,`icon` FROM `book_admin_group` WHERE  `id` IN (:where_id_in_0,:where_id_in_4)  AND `status` = :where_status ORDER BY sort asc,id asc [Using where; Using filesort]
[ error ] [HY000]SQLSTATE[HY000]: General error: 1168 Unable to open underlying table which is differently defined or of non-MyISAM type or doesn't exist[D:\xampp\htdocs\tpAdmin-master\thinkphp\library\think\db\connector\Mysql.php:65]

---------------------------------------------------------------
[ 2018-02-24T17:03:18+08:00 ] 127.0.0.1 127.0.0.1 GET /admin/index/index.html
[ log ] www.tpadmin.com/admin/index/index.html [运行时间：0.190908s][吞吐率：5.24req/s] [内存消耗：5,171.02kb] [文件加载：75]
[ info ] [ LANG ] D:\xampp\htdocs\tpAdmin-master\thinkphp\lang\zh-cn.php
[ info ] [ ROUTE ] array (
  'type' => 'module',
  'module' => 
  array (
    0 => 'admin',
    1 => 'index',
    2 => 'index',
  ),
)
[ info ] [ HEADER ] array (
  'host' => 'www.tpadmin.com',
  'connection' => 'keep-alive',
  'cache-control' => 'max-age=0',
  'user-agent' => 'Mozilla/5.0 (Windows NT 10.0; Win64; x64) AppleWebKit/537.36 (KHTML, like Gecko) Chrome/63.0.3239.108 Safari/537.36',
  'upgrade-insecure-requests' => '1',
  'accept' => 'text/html,application/xhtml+xml,application/xml;q=0.9,image/webp,image/apng,*/*;q=0.8',
  'accept-encoding' => 'gzip, deflate',
  'accept-language' => 'zh-CN,zh;q=0.9,zh-HK;q=0.8',
  'cookie' => 'thinkphp_show_page_trace=0|0; PHPSESSID=2pn1ra406jg18qkfklaj39fab4',
)
[ info ] [ PARAM ] array (
)
[ info ] [ SESSION ] INIT array (
  'id' => '',
  'var_session_id' => '',
  'prefix' => 'think',
  'type' => '',
  'auto_start' => true,
)
[ info ] [ BEHAVIOR ] Run \app\common\behavior\WebLog @module_init [ RunTime:0.005901s ]
[ info ] [ RUN ] app\admin\controller\Index->index[ D:\xampp\htdocs\tpAdmin-master\application\admin\controller\Index.php ]
[ info ] [ DB ] INIT mysql
[ info ] [ VIEW ] D:\xampp\htdocs\tpAdmin-master\public/../application/admin\view\index\index.html [ array (
  0 => 'groups',
  1 => 'menu',
) ]
[ info ] [ RUN ] app\admin\widget\Index->menu[ D:\xampp\htdocs\tpAdmin-master\application\admin\widget\Index.php ]
[ info ] [ RUN ] app\admin\widget\Index->menu[ D:\xampp\htdocs\tpAdmin-master\application\admin\widget\Index.php ]
[ info ] [ RUN ] app\admin\widget\Index->menu[ D:\xampp\htdocs\tpAdmin-master\application\admin\widget\Index.php ]
[ info ] [ RUN ] app\admin\widget\Index->menu[ D:\xampp\htdocs\tpAdmin-master\application\admin\widget\Index.php ]
[ info ] [ RUN ] app\admin\widget\Index->menu[ D:\xampp\htdocs\tpAdmin-master\application\admin\widget\Index.php ]
[ info ] [ RUN ] app\admin\widget\Index->menu[ D:\xampp\htdocs\tpAdmin-master\application\admin\widget\Index.php ]
[ info ] [ RUN ] app\admin\widget\Index->menu[ D:\xampp\htdocs\tpAdmin-master\application\admin\widget\Index.php ]
[ info ] [ RUN ] app\admin\widget\Index->menu[ D:\xampp\htdocs\tpAdmin-master\application\admin\widget\Index.php ]
[ info ] [ RUN ] app\admin\widget\Index->menu[ D:\xampp\htdocs\tpAdmin-master\application\admin\widget\Index.php ]
[ info ] [ RUN ] app\admin\widget\Index->menu[ D:\xampp\htdocs\tpAdmin-master\application\admin\widget\Index.php ]
[ info ] [ RUN ] app\admin\widget\Index->menu[ D:\xampp\htdocs\tpAdmin-master\application\admin\widget\Index.php ]
[ info ] [ RUN ] app\admin\widget\Index->menu[ D:\xampp\htdocs\tpAdmin-master\application\admin\widget\Index.php ]
[ info ] [ RUN ] app\admin\widget\Index->menu[ D:\xampp\htdocs\tpAdmin-master\application\admin\widget\Index.php ]
[ info ] [ RUN ] app\admin\widget\Index->menu[ D:\xampp\htdocs\tpAdmin-master\application\admin\widget\Index.php ]
[ info ] [ RUN ] app\admin\widget\Index->menu[ D:\xampp\htdocs\tpAdmin-master\application\admin\widget\Index.php ]
[ info ] [ RUN ] app\admin\widget\Index->menu[ D:\xampp\htdocs\tpAdmin-master\application\admin\widget\Index.php ]
[ info ] [ RUN ] app\admin\widget\Index->menu[ D:\xampp\htdocs\tpAdmin-master\application\admin\widget\Index.php ]
[ info ] [ RUN ] app\admin\widget\Index->menu[ D:\xampp\htdocs\tpAdmin-master\application\admin\widget\Index.php ]
[ info ] [ RUN ] app\admin\widget\Index->menu[ D:\xampp\htdocs\tpAdmin-master\application\admin\widget\Index.php ]
[ info ] [ RUN ] app\admin\widget\Index->menu[ D:\xampp\htdocs\tpAdmin-master\application\admin\widget\Index.php ]
[ info ] [ RUN ] app\admin\widget\Index->menu[ D:\xampp\htdocs\tpAdmin-master\application\admin\widget\Index.php ]
[ info ] [ LOG ] INIT File
[ sql ] [ DB ] CONNECT:[ UseTime:0.003378s ] mysql:dbname=tpadmin_source;host=127.0.0.1;charset=utf8
[ sql ] [ SQL ] SHOW COLUMNS FROM `book_admin_node` [ RunTime:0.030217s ]
[ sql ] [ SQL ] SELECT `id`,`pid`,`name`,`group_id`,`title`,`type` FROM `book_admin_node` WHERE  (  status=1 AND group_id > 0 ) [ RunTime:0.001105s ]
[ sql ] [ EXPLAIN : array (
  'id' => 1,
  'select_type' => 'SIMPLE',
  'table' => 'book_admin_node',
  'type' => 'ALL',
  'possible_keys' => 'status,group_id',
  'key' => NULL,
  'key_len' => NULL,
  'ref' => NULL,
  'rows' => 60,
  'extra' => 'Using where',
) ]
[ sql ] [ SQL ] SHOW COLUMNS FROM `book_admin_group` [ RunTime:0.027628s ]
[ sql ] [ SQL ] SELECT `id`,`name`,`icon` FROM `book_admin_group` WHERE  `id` IN (1,2)  AND `status` = 1 ORDER BY sort asc,id asc [ RunTime:0.000776s ]
[ sql ] [ EXPLAIN : array (
  'id' => 1,
  'select_type' => 'SIMPLE',
  'table' => 'book_admin_group',
  'type' => 'range',
  'possible_keys' => 'PRIMARY',
  'key' => 'PRIMARY',
  'key_len' => '2',
  'ref' => NULL,
  'rows' => 2,
  'extra' => 'Using where; Using filesort',
) ]
[ warn ] SQL:SELECT `id`,`name`,`icon` FROM `book_admin_group` WHERE  `id` IN (:where_id_in_0,:where_id_in_4)  AND `status` = :where_status ORDER BY sort asc,id asc [Using where; Using filesort]
[ error ] [HY000]SQLSTATE[HY000]: General error: 1168 Unable to open underlying table which is differently defined or of non-MyISAM type or doesn't exist[D:\xampp\htdocs\tpAdmin-master\thinkphp\library\think\db\connector\Mysql.php:65]

---------------------------------------------------------------
[ 2018-02-24T17:03:18+08:00 ] 127.0.0.1 127.0.0.1 GET /admin/index/index.html
[ log ] www.tpadmin.com/admin/index/index.html [运行时间：0.188353s][吞吐率：5.31req/s] [内存消耗：5,171.02kb] [文件加载：75]
[ info ] [ LANG ] D:\xampp\htdocs\tpAdmin-master\thinkphp\lang\zh-cn.php
[ info ] [ ROUTE ] array (
  'type' => 'module',
  'module' => 
  array (
    0 => 'admin',
    1 => 'index',
    2 => 'index',
  ),
)
[ info ] [ HEADER ] array (
  'host' => 'www.tpadmin.com',
  'connection' => 'keep-alive',
  'cache-control' => 'max-age=0',
  'user-agent' => 'Mozilla/5.0 (Windows NT 10.0; Win64; x64) AppleWebKit/537.36 (KHTML, like Gecko) Chrome/63.0.3239.108 Safari/537.36',
  'upgrade-insecure-requests' => '1',
  'accept' => 'text/html,application/xhtml+xml,application/xml;q=0.9,image/webp,image/apng,*/*;q=0.8',
  'accept-encoding' => 'gzip, deflate',
  'accept-language' => 'zh-CN,zh;q=0.9,zh-HK;q=0.8',
  'cookie' => 'thinkphp_show_page_trace=0|0; PHPSESSID=2pn1ra406jg18qkfklaj39fab4',
)
[ info ] [ PARAM ] array (
)
[ info ] [ SESSION ] INIT array (
  'id' => '',
  'var_session_id' => '',
  'prefix' => 'think',
  'type' => '',
  'auto_start' => true,
)
[ info ] [ BEHAVIOR ] Run \app\common\behavior\WebLog @module_init [ RunTime:0.005772s ]
[ info ] [ RUN ] app\admin\controller\Index->index[ D:\xampp\htdocs\tpAdmin-master\application\admin\controller\Index.php ]
[ info ] [ DB ] INIT mysql
[ info ] [ VIEW ] D:\xampp\htdocs\tpAdmin-master\public/../application/admin\view\index\index.html [ array (
  0 => 'groups',
  1 => 'menu',
) ]
[ info ] [ RUN ] app\admin\widget\Index->menu[ D:\xampp\htdocs\tpAdmin-master\application\admin\widget\Index.php ]
[ info ] [ RUN ] app\admin\widget\Index->menu[ D:\xampp\htdocs\tpAdmin-master\application\admin\widget\Index.php ]
[ info ] [ RUN ] app\admin\widget\Index->menu[ D:\xampp\htdocs\tpAdmin-master\application\admin\widget\Index.php ]
[ info ] [ RUN ] app\admin\widget\Index->menu[ D:\xampp\htdocs\tpAdmin-master\application\admin\widget\Index.php ]
[ info ] [ RUN ] app\admin\widget\Index->menu[ D:\xampp\htdocs\tpAdmin-master\application\admin\widget\Index.php ]
[ info ] [ RUN ] app\admin\widget\Index->menu[ D:\xampp\htdocs\tpAdmin-master\application\admin\widget\Index.php ]
[ info ] [ RUN ] app\admin\widget\Index->menu[ D:\xampp\htdocs\tpAdmin-master\application\admin\widget\Index.php ]
[ info ] [ RUN ] app\admin\widget\Index->menu[ D:\xampp\htdocs\tpAdmin-master\application\admin\widget\Index.php ]
[ info ] [ RUN ] app\admin\widget\Index->menu[ D:\xampp\htdocs\tpAdmin-master\application\admin\widget\Index.php ]
[ info ] [ RUN ] app\admin\widget\Index->menu[ D:\xampp\htdocs\tpAdmin-master\application\admin\widget\Index.php ]
[ info ] [ RUN ] app\admin\widget\Index->menu[ D:\xampp\htdocs\tpAdmin-master\application\admin\widget\Index.php ]
[ info ] [ RUN ] app\admin\widget\Index->menu[ D:\xampp\htdocs\tpAdmin-master\application\admin\widget\Index.php ]
[ info ] [ RUN ] app\admin\widget\Index->menu[ D:\xampp\htdocs\tpAdmin-master\application\admin\widget\Index.php ]
[ info ] [ RUN ] app\admin\widget\Index->menu[ D:\xampp\htdocs\tpAdmin-master\application\admin\widget\Index.php ]
[ info ] [ RUN ] app\admin\widget\Index->menu[ D:\xampp\htdocs\tpAdmin-master\application\admin\widget\Index.php ]
[ info ] [ RUN ] app\admin\widget\Index->menu[ D:\xampp\htdocs\tpAdmin-master\application\admin\widget\Index.php ]
[ info ] [ RUN ] app\admin\widget\Index->menu[ D:\xampp\htdocs\tpAdmin-master\application\admin\widget\Index.php ]
[ info ] [ RUN ] app\admin\widget\Index->menu[ D:\xampp\htdocs\tpAdmin-master\application\admin\widget\Index.php ]
[ info ] [ RUN ] app\admin\widget\Index->menu[ D:\xampp\htdocs\tpAdmin-master\application\admin\widget\Index.php ]
[ info ] [ RUN ] app\admin\widget\Index->menu[ D:\xampp\htdocs\tpAdmin-master\application\admin\widget\Index.php ]
[ info ] [ RUN ] app\admin\widget\Index->menu[ D:\xampp\htdocs\tpAdmin-master\application\admin\widget\Index.php ]
[ info ] [ LOG ] INIT File
[ sql ] [ DB ] CONNECT:[ UseTime:0.001777s ] mysql:dbname=tpadmin_source;host=127.0.0.1;charset=utf8
[ sql ] [ SQL ] SHOW COLUMNS FROM `book_admin_node` [ RunTime:0.043822s ]
[ sql ] [ SQL ] SELECT `id`,`pid`,`name`,`group_id`,`title`,`type` FROM `book_admin_node` WHERE  (  status=1 AND group_id > 0 ) [ RunTime:0.001714s ]
[ sql ] [ EXPLAIN : array (
  'id' => 1,
  'select_type' => 'SIMPLE',
  'table' => 'book_admin_node',
  'type' => 'ALL',
  'possible_keys' => 'status,group_id',
  'key' => NULL,
  'key_len' => NULL,
  'ref' => NULL,
  'rows' => 60,
  'extra' => 'Using where',
) ]
[ sql ] [ SQL ] SHOW COLUMNS FROM `book_admin_group` [ RunTime:0.028862s ]
[ sql ] [ SQL ] SELECT `id`,`name`,`icon` FROM `book_admin_group` WHERE  `id` IN (1,2)  AND `status` = 1 ORDER BY sort asc,id asc [ RunTime:0.001157s ]
[ sql ] [ EXPLAIN : array (
  'id' => 1,
  'select_type' => 'SIMPLE',
  'table' => 'book_admin_group',
  'type' => 'range',
  'possible_keys' => 'PRIMARY',
  'key' => 'PRIMARY',
  'key_len' => '2',
  'ref' => NULL,
  'rows' => 2,
  'extra' => 'Using where; Using filesort',
) ]
[ warn ] SQL:SELECT `id`,`name`,`icon` FROM `book_admin_group` WHERE  `id` IN (:where_id_in_0,:where_id_in_4)  AND `status` = :where_status ORDER BY sort asc,id asc [Using where; Using filesort]
[ error ] [HY000]SQLSTATE[HY000]: General error: 1168 Unable to open underlying table which is differently defined or of non-MyISAM type or doesn't exist[D:\xampp\htdocs\tpAdmin-master\thinkphp\library\think\db\connector\Mysql.php:65]

---------------------------------------------------------------
[ 2018-02-24T17:04:07+08:00 ] 127.0.0.1 127.0.0.1 GET /admin/index/index.html
[ log ] www.tpadmin.com/admin/index/index.html [运行时间：0.193291s][吞吐率：5.17req/s] [内存消耗：5,171.02kb] [文件加载：75]
[ info ] [ LANG ] D:\xampp\htdocs\tpAdmin-master\thinkphp\lang\zh-cn.php
[ info ] [ ROUTE ] array (
  'type' => 'module',
  'module' => 
  array (
    0 => 'admin',
    1 => 'index',
    2 => 'index',
  ),
)
[ info ] [ HEADER ] array (
  'host' => 'www.tpadmin.com',
  'connection' => 'keep-alive',
  'cache-control' => 'max-age=0',
  'user-agent' => 'Mozilla/5.0 (Windows NT 10.0; Win64; x64) AppleWebKit/537.36 (KHTML, like Gecko) Chrome/63.0.3239.108 Safari/537.36',
  'upgrade-insecure-requests' => '1',
  'accept' => 'text/html,application/xhtml+xml,application/xml;q=0.9,image/webp,image/apng,*/*;q=0.8',
  'accept-encoding' => 'gzip, deflate',
  'accept-language' => 'zh-CN,zh;q=0.9,zh-HK;q=0.8',
  'cookie' => 'thinkphp_show_page_trace=0|0; PHPSESSID=2pn1ra406jg18qkfklaj39fab4',
)
[ info ] [ PARAM ] array (
)
[ info ] [ SESSION ] INIT array (
  'id' => '',
  'var_session_id' => '',
  'prefix' => 'think',
  'type' => '',
  'auto_start' => true,
)
[ info ] [ BEHAVIOR ] Run \app\common\behavior\WebLog @module_init [ RunTime:0.006052s ]
[ info ] [ RUN ] app\admin\controller\Index->index[ D:\xampp\htdocs\tpAdmin-master\application\admin\controller\Index.php ]
[ info ] [ DB ] INIT mysql
[ info ] [ VIEW ] D:\xampp\htdocs\tpAdmin-master\public/../application/admin\view\index\index.html [ array (
  0 => 'groups',
  1 => 'menu',
) ]
[ info ] [ RUN ] app\admin\widget\Index->menu[ D:\xampp\htdocs\tpAdmin-master\application\admin\widget\Index.php ]
[ info ] [ RUN ] app\admin\widget\Index->menu[ D:\xampp\htdocs\tpAdmin-master\application\admin\widget\Index.php ]
[ info ] [ RUN ] app\admin\widget\Index->menu[ D:\xampp\htdocs\tpAdmin-master\application\admin\widget\Index.php ]
[ info ] [ RUN ] app\admin\widget\Index->menu[ D:\xampp\htdocs\tpAdmin-master\application\admin\widget\Index.php ]
[ info ] [ RUN ] app\admin\widget\Index->menu[ D:\xampp\htdocs\tpAdmin-master\application\admin\widget\Index.php ]
[ info ] [ RUN ] app\admin\widget\Index->menu[ D:\xampp\htdocs\tpAdmin-master\application\admin\widget\Index.php ]
[ info ] [ RUN ] app\admin\widget\Index->menu[ D:\xampp\htdocs\tpAdmin-master\application\admin\widget\Index.php ]
[ info ] [ RUN ] app\admin\widget\Index->menu[ D:\xampp\htdocs\tpAdmin-master\application\admin\widget\Index.php ]
[ info ] [ RUN ] app\admin\widget\Index->menu[ D:\xampp\htdocs\tpAdmin-master\application\admin\widget\Index.php ]
[ info ] [ RUN ] app\admin\widget\Index->menu[ D:\xampp\htdocs\tpAdmin-master\application\admin\widget\Index.php ]
[ info ] [ RUN ] app\admin\widget\Index->menu[ D:\xampp\htdocs\tpAdmin-master\application\admin\widget\Index.php ]
[ info ] [ RUN ] app\admin\widget\Index->menu[ D:\xampp\htdocs\tpAdmin-master\application\admin\widget\Index.php ]
[ info ] [ RUN ] app\admin\widget\Index->menu[ D:\xampp\htdocs\tpAdmin-master\application\admin\widget\Index.php ]
[ info ] [ RUN ] app\admin\widget\Index->menu[ D:\xampp\htdocs\tpAdmin-master\application\admin\widget\Index.php ]
[ info ] [ RUN ] app\admin\widget\Index->menu[ D:\xampp\htdocs\tpAdmin-master\application\admin\widget\Index.php ]
[ info ] [ RUN ] app\admin\widget\Index->menu[ D:\xampp\htdocs\tpAdmin-master\application\admin\widget\Index.php ]
[ info ] [ RUN ] app\admin\widget\Index->menu[ D:\xampp\htdocs\tpAdmin-master\application\admin\widget\Index.php ]
[ info ] [ RUN ] app\admin\widget\Index->menu[ D:\xampp\htdocs\tpAdmin-master\application\admin\widget\Index.php ]
[ info ] [ RUN ] app\admin\widget\Index->menu[ D:\xampp\htdocs\tpAdmin-master\application\admin\widget\Index.php ]
[ info ] [ RUN ] app\admin\widget\Index->menu[ D:\xampp\htdocs\tpAdmin-master\application\admin\widget\Index.php ]
[ info ] [ RUN ] app\admin\widget\Index->menu[ D:\xampp\htdocs\tpAdmin-master\application\admin\widget\Index.php ]
[ info ] [ LOG ] INIT File
[ sql ] [ DB ] CONNECT:[ UseTime:0.002281s ] mysql:dbname=tpadmin_source;host=127.0.0.1;charset=utf8
[ sql ] [ SQL ] SHOW COLUMNS FROM `book_admin_node` [ RunTime:0.058990s ]
[ sql ] [ SQL ] SELECT `id`,`pid`,`name`,`group_id`,`title`,`type` FROM `book_admin_node` WHERE  (  status=1 AND group_id > 0 ) [ RunTime:0.001646s ]
[ sql ] [ EXPLAIN : array (
  'id' => 1,
  'select_type' => 'SIMPLE',
  'table' => 'book_admin_node',
  'type' => 'ALL',
  'possible_keys' => 'status,group_id',
  'key' => NULL,
  'key_len' => NULL,
  'ref' => NULL,
  'rows' => 60,
  'extra' => 'Using where',
) ]
[ sql ] [ SQL ] SHOW COLUMNS FROM `book_admin_group` [ RunTime:0.029883s ]
[ sql ] [ SQL ] SELECT `id`,`name`,`icon` FROM `book_admin_group` WHERE  `id` IN (1,2)  AND `status` = 1 ORDER BY sort asc,id asc [ RunTime:0.001481s ]
[ sql ] [ EXPLAIN : array (
  'id' => 1,
  'select_type' => 'SIMPLE',
  'table' => 'book_admin_group',
  'type' => 'range',
  'possible_keys' => 'PRIMARY',
  'key' => 'PRIMARY',
  'key_len' => '2',
  'ref' => NULL,
  'rows' => 2,
  'extra' => 'Using where; Using filesort',
) ]
[ warn ] SQL:SELECT `id`,`name`,`icon` FROM `book_admin_group` WHERE  `id` IN (:where_id_in_0,:where_id_in_4)  AND `status` = :where_status ORDER BY sort asc,id asc [Using where; Using filesort]
[ error ] [HY000]SQLSTATE[HY000]: General error: 1168 Unable to open underlying table which is differently defined or of non-MyISAM type or doesn't exist[D:\xampp\htdocs\tpAdmin-master\thinkphp\library\think\db\connector\Mysql.php:65]

---------------------------------------------------------------
[ 2018-02-24T17:06:32+08:00 ] 127.0.0.1 127.0.0.1 GET /admin/index/index.html
[ log ] www.tpadmin.com/admin/index/index.html [运行时间：0.202360s][吞吐率：4.94req/s] [内存消耗：5,171.02kb] [文件加载：75]
[ info ] [ LANG ] D:\xampp\htdocs\tpAdmin-master\thinkphp\lang\zh-cn.php
[ info ] [ ROUTE ] array (
  'type' => 'module',
  'module' => 
  array (
    0 => 'admin',
    1 => 'index',
    2 => 'index',
  ),
)
[ info ] [ HEADER ] array (
  'host' => 'www.tpadmin.com',
  'connection' => 'keep-alive',
  'cache-control' => 'max-age=0',
  'user-agent' => 'Mozilla/5.0 (Windows NT 10.0; Win64; x64) AppleWebKit/537.36 (KHTML, like Gecko) Chrome/63.0.3239.108 Safari/537.36',
  'upgrade-insecure-requests' => '1',
  'accept' => 'text/html,application/xhtml+xml,application/xml;q=0.9,image/webp,image/apng,*/*;q=0.8',
  'accept-encoding' => 'gzip, deflate',
  'accept-language' => 'zh-CN,zh;q=0.9,zh-HK;q=0.8',
  'cookie' => 'thinkphp_show_page_trace=0|0; PHPSESSID=2pn1ra406jg18qkfklaj39fab4',
)
[ info ] [ PARAM ] array (
)
[ info ] [ SESSION ] INIT array (
  'id' => '',
  'var_session_id' => '',
  'prefix' => 'think',
  'type' => '',
  'auto_start' => true,
)
[ info ] [ BEHAVIOR ] Run \app\common\behavior\WebLog @module_init [ RunTime:0.007308s ]
[ info ] [ RUN ] app\admin\controller\Index->index[ D:\xampp\htdocs\tpAdmin-master\application\admin\controller\Index.php ]
[ info ] [ DB ] INIT mysql
[ info ] [ VIEW ] D:\xampp\htdocs\tpAdmin-master\public/../application/admin\view\index\index.html [ array (
  0 => 'groups',
  1 => 'menu',
) ]
[ info ] [ RUN ] app\admin\widget\Index->menu[ D:\xampp\htdocs\tpAdmin-master\application\admin\widget\Index.php ]
[ info ] [ RUN ] app\admin\widget\Index->menu[ D:\xampp\htdocs\tpAdmin-master\application\admin\widget\Index.php ]
[ info ] [ RUN ] app\admin\widget\Index->menu[ D:\xampp\htdocs\tpAdmin-master\application\admin\widget\Index.php ]
[ info ] [ RUN ] app\admin\widget\Index->menu[ D:\xampp\htdocs\tpAdmin-master\application\admin\widget\Index.php ]
[ info ] [ RUN ] app\admin\widget\Index->menu[ D:\xampp\htdocs\tpAdmin-master\application\admin\widget\Index.php ]
[ info ] [ RUN ] app\admin\widget\Index->menu[ D:\xampp\htdocs\tpAdmin-master\application\admin\widget\Index.php ]
[ info ] [ RUN ] app\admin\widget\Index->menu[ D:\xampp\htdocs\tpAdmin-master\application\admin\widget\Index.php ]
[ info ] [ RUN ] app\admin\widget\Index->menu[ D:\xampp\htdocs\tpAdmin-master\application\admin\widget\Index.php ]
[ info ] [ RUN ] app\admin\widget\Index->menu[ D:\xampp\htdocs\tpAdmin-master\application\admin\widget\Index.php ]
[ info ] [ RUN ] app\admin\widget\Index->menu[ D:\xampp\htdocs\tpAdmin-master\application\admin\widget\Index.php ]
[ info ] [ RUN ] app\admin\widget\Index->menu[ D:\xampp\htdocs\tpAdmin-master\application\admin\widget\Index.php ]
[ info ] [ RUN ] app\admin\widget\Index->menu[ D:\xampp\htdocs\tpAdmin-master\application\admin\widget\Index.php ]
[ info ] [ RUN ] app\admin\widget\Index->menu[ D:\xampp\htdocs\tpAdmin-master\application\admin\widget\Index.php ]
[ info ] [ RUN ] app\admin\widget\Index->menu[ D:\xampp\htdocs\tpAdmin-master\application\admin\widget\Index.php ]
[ info ] [ RUN ] app\admin\widget\Index->menu[ D:\xampp\htdocs\tpAdmin-master\application\admin\widget\Index.php ]
[ info ] [ RUN ] app\admin\widget\Index->menu[ D:\xampp\htdocs\tpAdmin-master\application\admin\widget\Index.php ]
[ info ] [ RUN ] app\admin\widget\Index->menu[ D:\xampp\htdocs\tpAdmin-master\application\admin\widget\Index.php ]
[ info ] [ RUN ] app\admin\widget\Index->menu[ D:\xampp\htdocs\tpAdmin-master\application\admin\widget\Index.php ]
[ info ] [ RUN ] app\admin\widget\Index->menu[ D:\xampp\htdocs\tpAdmin-master\application\admin\widget\Index.php ]
[ info ] [ RUN ] app\admin\widget\Index->menu[ D:\xampp\htdocs\tpAdmin-master\application\admin\widget\Index.php ]
[ info ] [ RUN ] app\admin\widget\Index->menu[ D:\xampp\htdocs\tpAdmin-master\application\admin\widget\Index.php ]
[ info ] [ LOG ] INIT File
[ sql ] [ DB ] CONNECT:[ UseTime:0.011153s ] mysql:dbname=tpadmin_source;host=127.0.0.1;charset=utf8
[ sql ] [ SQL ] SHOW COLUMNS FROM `book_admin_node` [ RunTime:0.036937s ]
[ sql ] [ SQL ] SELECT `id`,`pid`,`name`,`group_id`,`title`,`type` FROM `book_admin_node` WHERE  (  status=1 AND group_id > 0 ) [ RunTime:0.001124s ]
[ sql ] [ EXPLAIN : array (
  'id' => 1,
  'select_type' => 'SIMPLE',
  'table' => 'book_admin_node',
  'type' => 'ALL',
  'possible_keys' => 'status,group_id',
  'key' => NULL,
  'key_len' => NULL,
  'ref' => NULL,
  'rows' => 60,
  'extra' => 'Using where',
) ]
[ sql ] [ SQL ] SHOW COLUMNS FROM `book_admin_group` [ RunTime:0.030188s ]
[ sql ] [ SQL ] SELECT `id`,`name`,`icon` FROM `book_admin_group` WHERE  `id` IN (1,2)  AND `status` = 1 ORDER BY sort asc,id asc [ RunTime:0.000932s ]
[ sql ] [ EXPLAIN : array (
  'id' => 1,
  'select_type' => 'SIMPLE',
  'table' => 'book_admin_group',
  'type' => 'range',
  'possible_keys' => 'PRIMARY',
  'key' => 'PRIMARY',
  'key_len' => '2',
  'ref' => NULL,
  'rows' => 2,
  'extra' => 'Using where; Using filesort',
) ]
[ warn ] SQL:SELECT `id`,`name`,`icon` FROM `book_admin_group` WHERE  `id` IN (:where_id_in_0,:where_id_in_4)  AND `status` = :where_status ORDER BY sort asc,id asc [Using where; Using filesort]
[ error ] [HY000]SQLSTATE[HY000]: General error: 1168 Unable to open underlying table which is differently defined or of non-MyISAM type or doesn't exist[D:\xampp\htdocs\tpAdmin-master\thinkphp\library\think\db\connector\Mysql.php:65]

---------------------------------------------------------------
[ 2018-02-24T17:06:32+08:00 ] 127.0.0.1 127.0.0.1 GET /admin/index/index.html
[ log ] www.tpadmin.com/admin/index/index.html [运行时间：0.180998s][吞吐率：5.52req/s] [内存消耗：5,171.02kb] [文件加载：75]
[ info ] [ LANG ] D:\xampp\htdocs\tpAdmin-master\thinkphp\lang\zh-cn.php
[ info ] [ ROUTE ] array (
  'type' => 'module',
  'module' => 
  array (
    0 => 'admin',
    1 => 'index',
    2 => 'index',
  ),
)
[ info ] [ HEADER ] array (
  'host' => 'www.tpadmin.com',
  'connection' => 'keep-alive',
  'cache-control' => 'max-age=0',
  'user-agent' => 'Mozilla/5.0 (Windows NT 10.0; Win64; x64) AppleWebKit/537.36 (KHTML, like Gecko) Chrome/63.0.3239.108 Safari/537.36',
  'upgrade-insecure-requests' => '1',
  'accept' => 'text/html,application/xhtml+xml,application/xml;q=0.9,image/webp,image/apng,*/*;q=0.8',
  'accept-encoding' => 'gzip, deflate',
  'accept-language' => 'zh-CN,zh;q=0.9,zh-HK;q=0.8',
  'cookie' => 'thinkphp_show_page_trace=0|0; PHPSESSID=2pn1ra406jg18qkfklaj39fab4',
)
[ info ] [ PARAM ] array (
)
[ info ] [ SESSION ] INIT array (
  'id' => '',
  'var_session_id' => '',
  'prefix' => 'think',
  'type' => '',
  'auto_start' => true,
)
[ info ] [ BEHAVIOR ] Run \app\common\behavior\WebLog @module_init [ RunTime:0.006732s ]
[ info ] [ RUN ] app\admin\controller\Index->index[ D:\xampp\htdocs\tpAdmin-master\application\admin\controller\Index.php ]
[ info ] [ DB ] INIT mysql
[ info ] [ VIEW ] D:\xampp\htdocs\tpAdmin-master\public/../application/admin\view\index\index.html [ array (
  0 => 'groups',
  1 => 'menu',
) ]
[ info ] [ RUN ] app\admin\widget\Index->menu[ D:\xampp\htdocs\tpAdmin-master\application\admin\widget\Index.php ]
[ info ] [ RUN ] app\admin\widget\Index->menu[ D:\xampp\htdocs\tpAdmin-master\application\admin\widget\Index.php ]
[ info ] [ RUN ] app\admin\widget\Index->menu[ D:\xampp\htdocs\tpAdmin-master\application\admin\widget\Index.php ]
[ info ] [ RUN ] app\admin\widget\Index->menu[ D:\xampp\htdocs\tpAdmin-master\application\admin\widget\Index.php ]
[ info ] [ RUN ] app\admin\widget\Index->menu[ D:\xampp\htdocs\tpAdmin-master\application\admin\widget\Index.php ]
[ info ] [ RUN ] app\admin\widget\Index->menu[ D:\xampp\htdocs\tpAdmin-master\application\admin\widget\Index.php ]
[ info ] [ RUN ] app\admin\widget\Index->menu[ D:\xampp\htdocs\tpAdmin-master\application\admin\widget\Index.php ]
[ info ] [ RUN ] app\admin\widget\Index->menu[ D:\xampp\htdocs\tpAdmin-master\application\admin\widget\Index.php ]
[ info ] [ RUN ] app\admin\widget\Index->menu[ D:\xampp\htdocs\tpAdmin-master\application\admin\widget\Index.php ]
[ info ] [ RUN ] app\admin\widget\Index->menu[ D:\xampp\htdocs\tpAdmin-master\application\admin\widget\Index.php ]
[ info ] [ RUN ] app\admin\widget\Index->menu[ D:\xampp\htdocs\tpAdmin-master\application\admin\widget\Index.php ]
[ info ] [ RUN ] app\admin\widget\Index->menu[ D:\xampp\htdocs\tpAdmin-master\application\admin\widget\Index.php ]
[ info ] [ RUN ] app\admin\widget\Index->menu[ D:\xampp\htdocs\tpAdmin-master\application\admin\widget\Index.php ]
[ info ] [ RUN ] app\admin\widget\Index->menu[ D:\xampp\htdocs\tpAdmin-master\application\admin\widget\Index.php ]
[ info ] [ RUN ] app\admin\widget\Index->menu[ D:\xampp\htdocs\tpAdmin-master\application\admin\widget\Index.php ]
[ info ] [ RUN ] app\admin\widget\Index->menu[ D:\xampp\htdocs\tpAdmin-master\application\admin\widget\Index.php ]
[ info ] [ RUN ] app\admin\widget\Index->menu[ D:\xampp\htdocs\tpAdmin-master\application\admin\widget\Index.php ]
[ info ] [ RUN ] app\admin\widget\Index->menu[ D:\xampp\htdocs\tpAdmin-master\application\admin\widget\Index.php ]
[ info ] [ RUN ] app\admin\widget\Index->menu[ D:\xampp\htdocs\tpAdmin-master\application\admin\widget\Index.php ]
[ info ] [ RUN ] app\admin\widget\Index->menu[ D:\xampp\htdocs\tpAdmin-master\application\admin\widget\Index.php ]
[ info ] [ RUN ] app\admin\widget\Index->menu[ D:\xampp\htdocs\tpAdmin-master\application\admin\widget\Index.php ]
[ info ] [ LOG ] INIT File
[ sql ] [ DB ] CONNECT:[ UseTime:0.001834s ] mysql:dbname=tpadmin_source;host=127.0.0.1;charset=utf8
[ sql ] [ SQL ] SHOW COLUMNS FROM `book_admin_node` [ RunTime:0.029213s ]
[ sql ] [ SQL ] SELECT `id`,`pid`,`name`,`group_id`,`title`,`type` FROM `book_admin_node` WHERE  (  status=1 AND group_id > 0 ) [ RunTime:0.001302s ]
[ sql ] [ EXPLAIN : array (
  'id' => 1,
  'select_type' => 'SIMPLE',
  'table' => 'book_admin_node',
  'type' => 'ALL',
  'possible_keys' => 'status,group_id',
  'key' => NULL,
  'key_len' => NULL,
  'ref' => NULL,
  'rows' => 60,
  'extra' => 'Using where',
) ]
[ sql ] [ SQL ] SHOW COLUMNS FROM `book_admin_group` [ RunTime:0.027581s ]
[ sql ] [ SQL ] SELECT `id`,`name`,`icon` FROM `book_admin_group` WHERE  `id` IN (1,2)  AND `status` = 1 ORDER BY sort asc,id asc [ RunTime:0.001016s ]
[ sql ] [ EXPLAIN : array (
  'id' => 1,
  'select_type' => 'SIMPLE',
  'table' => 'book_admin_group',
  'type' => 'range',
  'possible_keys' => 'PRIMARY',
  'key' => 'PRIMARY',
  'key_len' => '2',
  'ref' => NULL,
  'rows' => 2,
  'extra' => 'Using where; Using filesort',
) ]
[ warn ] SQL:SELECT `id`,`name`,`icon` FROM `book_admin_group` WHERE  `id` IN (:where_id_in_0,:where_id_in_4)  AND `status` = :where_status ORDER BY sort asc,id asc [Using where; Using filesort]
[ error ] [HY000]SQLSTATE[HY000]: General error: 1168 Unable to open underlying table which is differently defined or of non-MyISAM type or doesn't exist[D:\xampp\htdocs\tpAdmin-master\thinkphp\library\think\db\connector\Mysql.php:65]

---------------------------------------------------------------
[ 2018-02-24T17:06:32+08:00 ] 127.0.0.1 127.0.0.1 GET /admin/index/index.html
[ log ] www.tpadmin.com/admin/index/index.html [运行时间：0.221124s][吞吐率：4.52req/s] [内存消耗：5,171.02kb] [文件加载：75]
[ info ] [ LANG ] D:\xampp\htdocs\tpAdmin-master\thinkphp\lang\zh-cn.php
[ info ] [ ROUTE ] array (
  'type' => 'module',
  'module' => 
  array (
    0 => 'admin',
    1 => 'index',
    2 => 'index',
  ),
)
[ info ] [ HEADER ] array (
  'host' => 'www.tpadmin.com',
  'connection' => 'keep-alive',
  'cache-control' => 'max-age=0',
  'user-agent' => 'Mozilla/5.0 (Windows NT 10.0; Win64; x64) AppleWebKit/537.36 (KHTML, like Gecko) Chrome/63.0.3239.108 Safari/537.36',
  'upgrade-insecure-requests' => '1',
  'accept' => 'text/html,application/xhtml+xml,application/xml;q=0.9,image/webp,image/apng,*/*;q=0.8',
  'accept-encoding' => 'gzip, deflate',
  'accept-language' => 'zh-CN,zh;q=0.9,zh-HK;q=0.8',
  'cookie' => 'thinkphp_show_page_trace=0|0; PHPSESSID=2pn1ra406jg18qkfklaj39fab4',
)
[ info ] [ PARAM ] array (
)
[ info ] [ SESSION ] INIT array (
  'id' => '',
  'var_session_id' => '',
  'prefix' => 'think',
  'type' => '',
  'auto_start' => true,
)
[ info ] [ BEHAVIOR ] Run \app\common\behavior\WebLog @module_init [ RunTime:0.007730s ]
[ info ] [ RUN ] app\admin\controller\Index->index[ D:\xampp\htdocs\tpAdmin-master\application\admin\controller\Index.php ]
[ info ] [ DB ] INIT mysql
[ info ] [ VIEW ] D:\xampp\htdocs\tpAdmin-master\public/../application/admin\view\index\index.html [ array (
  0 => 'groups',
  1 => 'menu',
) ]
[ info ] [ RUN ] app\admin\widget\Index->menu[ D:\xampp\htdocs\tpAdmin-master\application\admin\widget\Index.php ]
[ info ] [ RUN ] app\admin\widget\Index->menu[ D:\xampp\htdocs\tpAdmin-master\application\admin\widget\Index.php ]
[ info ] [ RUN ] app\admin\widget\Index->menu[ D:\xampp\htdocs\tpAdmin-master\application\admin\widget\Index.php ]
[ info ] [ RUN ] app\admin\widget\Index->menu[ D:\xampp\htdocs\tpAdmin-master\application\admin\widget\Index.php ]
[ info ] [ RUN ] app\admin\widget\Index->menu[ D:\xampp\htdocs\tpAdmin-master\application\admin\widget\Index.php ]
[ info ] [ RUN ] app\admin\widget\Index->menu[ D:\xampp\htdocs\tpAdmin-master\application\admin\widget\Index.php ]
[ info ] [ RUN ] app\admin\widget\Index->menu[ D:\xampp\htdocs\tpAdmin-master\application\admin\widget\Index.php ]
[ info ] [ RUN ] app\admin\widget\Index->menu[ D:\xampp\htdocs\tpAdmin-master\application\admin\widget\Index.php ]
[ info ] [ RUN ] app\admin\widget\Index->menu[ D:\xampp\htdocs\tpAdmin-master\application\admin\widget\Index.php ]
[ info ] [ RUN ] app\admin\widget\Index->menu[ D:\xampp\htdocs\tpAdmin-master\application\admin\widget\Index.php ]
[ info ] [ RUN ] app\admin\widget\Index->menu[ D:\xampp\htdocs\tpAdmin-master\application\admin\widget\Index.php ]
[ info ] [ RUN ] app\admin\widget\Index->menu[ D:\xampp\htdocs\tpAdmin-master\application\admin\widget\Index.php ]
[ info ] [ RUN ] app\admin\widget\Index->menu[ D:\xampp\htdocs\tpAdmin-master\application\admin\widget\Index.php ]
[ info ] [ RUN ] app\admin\widget\Index->menu[ D:\xampp\htdocs\tpAdmin-master\application\admin\widget\Index.php ]
[ info ] [ RUN ] app\admin\widget\Index->menu[ D:\xampp\htdocs\tpAdmin-master\application\admin\widget\Index.php ]
[ info ] [ RUN ] app\admin\widget\Index->menu[ D:\xampp\htdocs\tpAdmin-master\application\admin\widget\Index.php ]
[ info ] [ RUN ] app\admin\widget\Index->menu[ D:\xampp\htdocs\tpAdmin-master\application\admin\widget\Index.php ]
[ info ] [ RUN ] app\admin\widget\Index->menu[ D:\xampp\htdocs\tpAdmin-master\application\admin\widget\Index.php ]
[ info ] [ RUN ] app\admin\widget\Index->menu[ D:\xampp\htdocs\tpAdmin-master\application\admin\widget\Index.php ]
[ info ] [ RUN ] app\admin\widget\Index->menu[ D:\xampp\htdocs\tpAdmin-master\application\admin\widget\Index.php ]
[ info ] [ RUN ] app\admin\widget\Index->menu[ D:\xampp\htdocs\tpAdmin-master\application\admin\widget\Index.php ]
[ info ] [ LOG ] INIT File
[ sql ] [ DB ] CONNECT:[ UseTime:0.002186s ] mysql:dbname=tpadmin_source;host=127.0.0.1;charset=utf8
[ sql ] [ SQL ] SHOW COLUMNS FROM `book_admin_node` [ RunTime:0.029732s ]
[ sql ] [ SQL ] SELECT `id`,`pid`,`name`,`group_id`,`title`,`type` FROM `book_admin_node` WHERE  (  status=1 AND group_id > 0 ) [ RunTime:0.001606s ]
[ sql ] [ EXPLAIN : array (
  'id' => 1,
  'select_type' => 'SIMPLE',
  'table' => 'book_admin_node',
  'type' => 'ALL',
  'possible_keys' => 'status,group_id',
  'key' => NULL,
  'key_len' => NULL,
  'ref' => NULL,
  'rows' => 60,
  'extra' => 'Using where',
) ]
[ sql ] [ SQL ] SHOW COLUMNS FROM `book_admin_group` [ RunTime:0.068237s ]
[ sql ] [ SQL ] SELECT `id`,`name`,`icon` FROM `book_admin_group` WHERE  `id` IN (1,2)  AND `status` = 1 ORDER BY sort asc,id asc [ RunTime:0.002258s ]
[ sql ] [ EXPLAIN : array (
  'id' => 1,
  'select_type' => 'SIMPLE',
  'table' => 'book_admin_group',
  'type' => 'range',
  'possible_keys' => 'PRIMARY',
  'key' => 'PRIMARY',
  'key_len' => '2',
  'ref' => NULL,
  'rows' => 2,
  'extra' => 'Using where; Using filesort',
) ]
[ warn ] SQL:SELECT `id`,`name`,`icon` FROM `book_admin_group` WHERE  `id` IN (:where_id_in_0,:where_id_in_4)  AND `status` = :where_status ORDER BY sort asc,id asc [Using where; Using filesort]
[ error ] [HY000]SQLSTATE[HY000]: General error: 1168 Unable to open underlying table which is differently defined or of non-MyISAM type or doesn't exist[D:\xampp\htdocs\tpAdmin-master\thinkphp\library\think\db\connector\Mysql.php:65]

---------------------------------------------------------------
[ 2018-02-24T17:14:07+08:00 ] 127.0.0.1 127.0.0.1 GET /admin/index/index.html
[ log ] www.tpadmin.com/admin/index/index.html [运行时间：0.176688s][吞吐率：5.66req/s] [内存消耗：5,171.02kb] [文件加载：75]
[ info ] [ LANG ] D:\xampp\htdocs\tpAdmin-master\thinkphp\lang\zh-cn.php
[ info ] [ ROUTE ] array (
  'type' => 'module',
  'module' => 
  array (
    0 => 'admin',
    1 => 'index',
    2 => 'index',
  ),
)
[ info ] [ HEADER ] array (
  'host' => 'www.tpadmin.com',
  'connection' => 'keep-alive',
  'cache-control' => 'max-age=0',
  'user-agent' => 'Mozilla/5.0 (Windows NT 10.0; Win64; x64) AppleWebKit/537.36 (KHTML, like Gecko) Chrome/63.0.3239.108 Safari/537.36',
  'upgrade-insecure-requests' => '1',
  'accept' => 'text/html,application/xhtml+xml,application/xml;q=0.9,image/webp,image/apng,*/*;q=0.8',
  'accept-encoding' => 'gzip, deflate',
  'accept-language' => 'zh-CN,zh;q=0.9,zh-HK;q=0.8',
  'cookie' => 'thinkphp_show_page_trace=0|0; PHPSESSID=2pn1ra406jg18qkfklaj39fab4',
)
[ info ] [ PARAM ] array (
)
[ info ] [ SESSION ] INIT array (
  'id' => '',
  'var_session_id' => '',
  'prefix' => 'think',
  'type' => '',
  'auto_start' => true,
)
[ info ] [ BEHAVIOR ] Run \app\common\behavior\WebLog @module_init [ RunTime:0.007475s ]
[ info ] [ RUN ] app\admin\controller\Index->index[ D:\xampp\htdocs\tpAdmin-master\application\admin\controller\Index.php ]
[ info ] [ DB ] INIT mysql
[ info ] [ VIEW ] D:\xampp\htdocs\tpAdmin-master\public/../application/admin\view\index\index.html [ array (
  0 => 'groups',
  1 => 'menu',
) ]
[ info ] [ RUN ] app\admin\widget\Index->menu[ D:\xampp\htdocs\tpAdmin-master\application\admin\widget\Index.php ]
[ info ] [ RUN ] app\admin\widget\Index->menu[ D:\xampp\htdocs\tpAdmin-master\application\admin\widget\Index.php ]
[ info ] [ RUN ] app\admin\widget\Index->menu[ D:\xampp\htdocs\tpAdmin-master\application\admin\widget\Index.php ]
[ info ] [ RUN ] app\admin\widget\Index->menu[ D:\xampp\htdocs\tpAdmin-master\application\admin\widget\Index.php ]
[ info ] [ RUN ] app\admin\widget\Index->menu[ D:\xampp\htdocs\tpAdmin-master\application\admin\widget\Index.php ]
[ info ] [ RUN ] app\admin\widget\Index->menu[ D:\xampp\htdocs\tpAdmin-master\application\admin\widget\Index.php ]
[ info ] [ RUN ] app\admin\widget\Index->menu[ D:\xampp\htdocs\tpAdmin-master\application\admin\widget\Index.php ]
[ info ] [ RUN ] app\admin\widget\Index->menu[ D:\xampp\htdocs\tpAdmin-master\application\admin\widget\Index.php ]
[ info ] [ RUN ] app\admin\widget\Index->menu[ D:\xampp\htdocs\tpAdmin-master\application\admin\widget\Index.php ]
[ info ] [ RUN ] app\admin\widget\Index->menu[ D:\xampp\htdocs\tpAdmin-master\application\admin\widget\Index.php ]
[ info ] [ RUN ] app\admin\widget\Index->menu[ D:\xampp\htdocs\tpAdmin-master\application\admin\widget\Index.php ]
[ info ] [ RUN ] app\admin\widget\Index->menu[ D:\xampp\htdocs\tpAdmin-master\application\admin\widget\Index.php ]
[ info ] [ RUN ] app\admin\widget\Index->menu[ D:\xampp\htdocs\tpAdmin-master\application\admin\widget\Index.php ]
[ info ] [ RUN ] app\admin\widget\Index->menu[ D:\xampp\htdocs\tpAdmin-master\application\admin\widget\Index.php ]
[ info ] [ RUN ] app\admin\widget\Index->menu[ D:\xampp\htdocs\tpAdmin-master\application\admin\widget\Index.php ]
[ info ] [ RUN ] app\admin\widget\Index->menu[ D:\xampp\htdocs\tpAdmin-master\application\admin\widget\Index.php ]
[ info ] [ RUN ] app\admin\widget\Index->menu[ D:\xampp\htdocs\tpAdmin-master\application\admin\widget\Index.php ]
[ info ] [ RUN ] app\admin\widget\Index->menu[ D:\xampp\htdocs\tpAdmin-master\application\admin\widget\Index.php ]
[ info ] [ RUN ] app\admin\widget\Index->menu[ D:\xampp\htdocs\tpAdmin-master\application\admin\widget\Index.php ]
[ info ] [ RUN ] app\admin\widget\Index->menu[ D:\xampp\htdocs\tpAdmin-master\application\admin\widget\Index.php ]
[ info ] [ RUN ] app\admin\widget\Index->menu[ D:\xampp\htdocs\tpAdmin-master\application\admin\widget\Index.php ]
[ info ] [ LOG ] INIT File
[ sql ] [ DB ] CONNECT:[ UseTime:0.002071s ] mysql:dbname=tpadmin_source;host=127.0.0.1;charset=utf8
[ sql ] [ SQL ] SHOW COLUMNS FROM `book_admin_node` [ RunTime:0.030639s ]
[ sql ] [ SQL ] SELECT `id`,`pid`,`name`,`group_id`,`title`,`type` FROM `book_admin_node` WHERE  (  status=1 AND group_id > 0 ) [ RunTime:0.001152s ]
[ sql ] [ EXPLAIN : array (
  'id' => 1,
  'select_type' => 'SIMPLE',
  'table' => 'book_admin_node',
  'type' => 'ALL',
  'possible_keys' => 'status,group_id',
  'key' => NULL,
  'key_len' => NULL,
  'ref' => NULL,
  'rows' => 60,
  'extra' => 'Using where',
) ]
[ sql ] [ SQL ] SHOW COLUMNS FROM `book_admin_group` [ RunTime:0.028810s ]
[ sql ] [ SQL ] SELECT `id`,`name`,`icon` FROM `book_admin_group` WHERE  `id` IN (1,2)  AND `status` = 1 ORDER BY sort asc,id asc [ RunTime:0.001072s ]
[ sql ] [ EXPLAIN : array (
  'id' => 1,
  'select_type' => 'SIMPLE',
  'table' => 'book_admin_group',
  'type' => 'range',
  'possible_keys' => 'PRIMARY',
  'key' => 'PRIMARY',
  'key_len' => '2',
  'ref' => NULL,
  'rows' => 2,
  'extra' => 'Using where; Using filesort',
) ]
[ warn ] SQL:SELECT `id`,`name`,`icon` FROM `book_admin_group` WHERE  `id` IN (:where_id_in_0,:where_id_in_4)  AND `status` = :where_status ORDER BY sort asc,id asc [Using where; Using filesort]
[ error ] [HY000]SQLSTATE[HY000]: General error: 1168 Unable to open underlying table which is differently defined or of non-MyISAM type or doesn't exist[D:\xampp\htdocs\tpAdmin-master\thinkphp\library\think\db\connector\Mysql.php:65]

---------------------------------------------------------------
[ 2018-02-24T17:24:56+08:00 ] 127.0.0.1 127.0.0.1 GET /admin/index/index.html
[ log ] www.tpadmin.com/admin/index/index.html [运行时间：0.180177s][吞吐率：5.55req/s] [内存消耗：5,171.02kb] [文件加载：75]
[ info ] [ LANG ] D:\xampp\htdocs\tpAdmin-master\thinkphp\lang\zh-cn.php
[ info ] [ ROUTE ] array (
  'type' => 'module',
  'module' => 
  array (
    0 => 'admin',
    1 => 'index',
    2 => 'index',
  ),
)
[ info ] [ HEADER ] array (
  'host' => 'www.tpadmin.com',
  'connection' => 'keep-alive',
  'cache-control' => 'max-age=0',
  'user-agent' => 'Mozilla/5.0 (Windows NT 10.0; Win64; x64) AppleWebKit/537.36 (KHTML, like Gecko) Chrome/63.0.3239.108 Safari/537.36',
  'upgrade-insecure-requests' => '1',
  'accept' => 'text/html,application/xhtml+xml,application/xml;q=0.9,image/webp,image/apng,*/*;q=0.8',
  'accept-encoding' => 'gzip, deflate',
  'accept-language' => 'zh-CN,zh;q=0.9,zh-HK;q=0.8',
  'cookie' => 'thinkphp_show_page_trace=0|0; PHPSESSID=2pn1ra406jg18qkfklaj39fab4',
)
[ info ] [ PARAM ] array (
)
[ info ] [ SESSION ] INIT array (
  'id' => '',
  'var_session_id' => '',
  'prefix' => 'think',
  'type' => '',
  'auto_start' => true,
)
[ info ] [ BEHAVIOR ] Run \app\common\behavior\WebLog @module_init [ RunTime:0.006848s ]
[ info ] [ RUN ] app\admin\controller\Index->index[ D:\xampp\htdocs\tpAdmin-master\application\admin\controller\Index.php ]
[ info ] [ DB ] INIT mysql
[ info ] [ VIEW ] D:\xampp\htdocs\tpAdmin-master\public/../application/admin\view\index\index.html [ array (
  0 => 'groups',
  1 => 'menu',
) ]
[ info ] [ RUN ] app\admin\widget\Index->menu[ D:\xampp\htdocs\tpAdmin-master\application\admin\widget\Index.php ]
[ info ] [ RUN ] app\admin\widget\Index->menu[ D:\xampp\htdocs\tpAdmin-master\application\admin\widget\Index.php ]
[ info ] [ RUN ] app\admin\widget\Index->menu[ D:\xampp\htdocs\tpAdmin-master\application\admin\widget\Index.php ]
[ info ] [ RUN ] app\admin\widget\Index->menu[ D:\xampp\htdocs\tpAdmin-master\application\admin\widget\Index.php ]
[ info ] [ RUN ] app\admin\widget\Index->menu[ D:\xampp\htdocs\tpAdmin-master\application\admin\widget\Index.php ]
[ info ] [ RUN ] app\admin\widget\Index->menu[ D:\xampp\htdocs\tpAdmin-master\application\admin\widget\Index.php ]
[ info ] [ RUN ] app\admin\widget\Index->menu[ D:\xampp\htdocs\tpAdmin-master\application\admin\widget\Index.php ]
[ info ] [ RUN ] app\admin\widget\Index->menu[ D:\xampp\htdocs\tpAdmin-master\application\admin\widget\Index.php ]
[ info ] [ RUN ] app\admin\widget\Index->menu[ D:\xampp\htdocs\tpAdmin-master\application\admin\widget\Index.php ]
[ info ] [ RUN ] app\admin\widget\Index->menu[ D:\xampp\htdocs\tpAdmin-master\application\admin\widget\Index.php ]
[ info ] [ RUN ] app\admin\widget\Index->menu[ D:\xampp\htdocs\tpAdmin-master\application\admin\widget\Index.php ]
[ info ] [ RUN ] app\admin\widget\Index->menu[ D:\xampp\htdocs\tpAdmin-master\application\admin\widget\Index.php ]
[ info ] [ RUN ] app\admin\widget\Index->menu[ D:\xampp\htdocs\tpAdmin-master\application\admin\widget\Index.php ]
[ info ] [ RUN ] app\admin\widget\Index->menu[ D:\xampp\htdocs\tpAdmin-master\application\admin\widget\Index.php ]
[ info ] [ RUN ] app\admin\widget\Index->menu[ D:\xampp\htdocs\tpAdmin-master\application\admin\widget\Index.php ]
[ info ] [ RUN ] app\admin\widget\Index->menu[ D:\xampp\htdocs\tpAdmin-master\application\admin\widget\Index.php ]
[ info ] [ RUN ] app\admin\widget\Index->menu[ D:\xampp\htdocs\tpAdmin-master\application\admin\widget\Index.php ]
[ info ] [ RUN ] app\admin\widget\Index->menu[ D:\xampp\htdocs\tpAdmin-master\application\admin\widget\Index.php ]
[ info ] [ RUN ] app\admin\widget\Index->menu[ D:\xampp\htdocs\tpAdmin-master\application\admin\widget\Index.php ]
[ info ] [ RUN ] app\admin\widget\Index->menu[ D:\xampp\htdocs\tpAdmin-master\application\admin\widget\Index.php ]
[ info ] [ RUN ] app\admin\widget\Index->menu[ D:\xampp\htdocs\tpAdmin-master\application\admin\widget\Index.php ]
[ info ] [ LOG ] INIT File
[ sql ] [ DB ] CONNECT:[ UseTime:0.003155s ] mysql:dbname=tpadmin_source;host=127.0.0.1;charset=utf8
[ sql ] [ SQL ] SHOW COLUMNS FROM `book_admin_node` [ RunTime:0.031987s ]
[ sql ] [ SQL ] SELECT `id`,`pid`,`name`,`group_id`,`title`,`type` FROM `book_admin_node` WHERE  (  status=1 AND group_id > 0 ) [ RunTime:0.002124s ]
[ sql ] [ EXPLAIN : array (
  'id' => 1,
  'select_type' => 'SIMPLE',
  'table' => 'book_admin_node',
  'type' => 'ALL',
  'possible_keys' => 'status,group_id',
  'key' => NULL,
  'key_len' => NULL,
  'ref' => NULL,
  'rows' => 60,
  'extra' => 'Using where',
) ]
[ sql ] [ SQL ] SHOW COLUMNS FROM `book_admin_group` [ RunTime:0.031206s ]
[ sql ] [ SQL ] SELECT `id`,`name`,`icon` FROM `book_admin_group` WHERE  `id` IN (1,2)  AND `status` = 1 ORDER BY sort asc,id asc [ RunTime:0.001698s ]
[ sql ] [ EXPLAIN : array (
  'id' => 1,
  'select_type' => 'SIMPLE',
  'table' => 'book_admin_group',
  'type' => 'range',
  'possible_keys' => 'PRIMARY',
  'key' => 'PRIMARY',
  'key_len' => '2',
  'ref' => NULL,
  'rows' => 2,
  'extra' => 'Using where; Using filesort',
) ]
[ warn ] SQL:SELECT `id`,`name`,`icon` FROM `book_admin_group` WHERE  `id` IN (:where_id_in_0,:where_id_in_4)  AND `status` = :where_status ORDER BY sort asc,id asc [Using where; Using filesort]
[ error ] [HY000]SQLSTATE[HY000]: General error: 1168 Unable to open underlying table which is differently defined or of non-MyISAM type or doesn't exist[D:\xampp\htdocs\tpAdmin-master\thinkphp\library\think\db\connector\Mysql.php:65]

---------------------------------------------------------------
